heap profile: 1: 2304 [1: 2304] @ heap/1048576
1: 2304 [1: 2304] @ 0x7f1de0f5b0b0 0x7f1de0b8858c 0x7f1de0f66e6e 0x7f1de0f66e6e 0x7f1de0b87bcb 0x55f7ffa0d170 0x7f1ddf9d41c1 0x55f7ffa0d1ca
#	0x7f1de0f5b0af	runtime.allocg+0x1f		../../../src/libgo/go/runtime/stubs.go:514
#	0x7f1de0b8858b	runtime.malg+0x4b		../../../src/libgo/runtime/proc.c:1349
#	0x7f1de0f66e6d	runtime.mpreinit+0x9d		../../../src/libgo/go/runtime/os_gccgo.go:17
#	0x7f1de0f66e6d	runtime.mcommoninit+0x9d	../../../src/libgo/go/runtime/proc.go:241
#	0x7f1de0b87bca	runtime_schedinit+0x9a		../../../src/libgo/runtime/proc.c:490
#	0x0
#	0x0
#	0x0

0: 0 [0: 0] @ 0x7f1de0f59f49 0x7f1de0f77472 0x7f1de0f7a810 0x55f7ffa0ddba 0x55f7ffa0f63f 0x7f1de0b88bad
#	0x7f1de0f77471	pprof.writeHeap+0xb1					../../../src/libgo/go/runtime/pprof/pprof.go:503
#	0x7f1de0f7a80f	runtime_pprof.WriteTo.pN21_runtime_pprof.Profile+0x6f	../../../src/libgo/go/runtime/pprof/pprof.go:302
#	0x55f7ffa0ddb9	main.SaveMemProfile+0x249				target/outer/expertseq/main.go:130
#	0x55f7ffa0f63e	main.main+0x20e						target/outer/expertseq/main.go:112
#	0x7f1de0b88bac	runtime_main+0x10c					../../../src/libgo/runtime/proc.c:606


# runtime.MemStats
# Alloc = 234896
# TotalAlloc = 343848
# Sys = 3938552
# Lookups = 5
# Mallocs = 3095
# Frees = 1845
# HeapAlloc = 234896
# HeapSys = 1048576
# HeapIdle = 425984
# HeapInuse = 622592
# HeapReleased = 0
# HeapObjects = 1250
# Stack = 0 / 0
# MSpan = 8064 / 16384
# MCache = 2200 / 16384
# BuckHashSys = 1441000
# GCSys = 1114112
# OtherSys = 302096
# NextGC = 393472
# PauseNs = [628817 523619 0 0 0 0 0 0 0 0 0 0 0 0 0 0 0 0 0 0 0 0 0 0 0 0 0 0 0 0 0 0 0 0 0 0 0 0 0 0 0 0 0 0 0 0 0 0 0 0 0 0 0 0 0 0 0 0 0 0 0 0 0 0 0 0 0 0 0 0 0 0 0 0 0 0 0 0 0 0 0 0 0 0 0 0 0 0 0 0 0 0 0 0 0 0 0 0 0 0 0 0 0 0 0 0 0 0 0 0 0 0 0 0 0 0 0 0 0 0 0 0 0 0 0 0 0 0 0 0 0 0 0 0 0 0 0 0 0 0 0 0 0 0 0 0 0 0 0 0 0 0 0 0 0 0 0 0 0 0 0 0 0 0 0 0 0 0 0 0 0 0 0 0 0 0 0 0 0 0 0 0 0 0 0 0 0 0 0 0 0 0 0 0 0 0 0 0 0 0 0 0 0 0 0 0 0 0 0 0 0 0 0 0 0 0 0 0 0 0 0 0 0 0 0 0 0 0 0 0 0 0 0 0 0 0 0 0 0 0 0 0 0 0 0 0 0 0 0 0 0 0 0 0 0 0]
# NumGC = 2
# DebugGC = false
