heap profile: 2: 3584 [2: 3584] @ heap/1048576
1: 2304 [1: 2304] @ 0x7fc8948930b0 0x7fc8944c058c 0x7fc89489ee6e 0x7fc89489ee6e 0x7fc8944bfbcb 0x5628344db450 0x7fc89330c1c1 0x5628344db4aa
#	0x7fc8948930af	runtime.allocg+0x1f		../../../src/libgo/go/runtime/stubs.go:514
#	0x7fc8944c058b	runtime.malg+0x4b		../../../src/libgo/runtime/proc.c:1349
#	0x7fc89489ee6d	runtime.mpreinit+0x9d		../../../src/libgo/go/runtime/os_gccgo.go:17
#	0x7fc89489ee6d	runtime.mcommoninit+0x9d	../../../src/libgo/go/runtime/proc.go:241
#	0x7fc8944bfbca	runtime_schedinit+0x9a		../../../src/libgo/runtime/proc.c:490
#	0x0
#	0x0
#	0x0

1: 1280 [1: 1280] @ 0x7fc894892c55 0x7fc89486b404 0x7fc89486b868 0x7fc89486b954 0x7fc89486c63b 0x7fc89486c510 0x7fc89486c740 0x7fc89486c87a 0x7fc894861e05 0x7fc8948632f5 0x7fc8948635f4 0x7fc894715b3d 0x5628344de2bb 0x7fc8944c0b5a
#	0x7fc89486b403	regexp_syntax.inst.pN22_regexp_syntax.compiler+0x123	../../../src/libgo/go/regexp/syntax/compile.go:173
#	0x7fc89486b867	regexp_syntax.star.pN22_regexp_syntax.compiler+0x47	../../../src/libgo/go/regexp/syntax/compile.go:242
#	0x7fc89486b953	regexp_syntax.plus.pN22_regexp_syntax.compiler+0x13	../../../src/libgo/go/regexp/syntax/compile.go:256
#	0x7fc89486c63a	regexp_syntax.compile.pN22_regexp_syntax.compiler+0x3ca	../../../src/libgo/go/regexp/syntax/compile.go:144
#	0x7fc89486c50f	regexp_syntax.compile.pN22_regexp_syntax.compiler+0x29f	../../../src/libgo/go/regexp/syntax/compile.go:138
#	0x7fc89486c73f	regexp_syntax.compile.pN22_regexp_syntax.compiler+0x4cf	../../../src/libgo/go/regexp/syntax/compile.go:156
#	0x7fc89486c879	regexp_syntax.Compile+0x59				../../../src/libgo/go/regexp/syntax/compile.go:83
#	0x7fc894861e04	regexp.compile+0xd4					../../../src/libgo/go/regexp/regexp.go:175
#	0x7fc8948632f4	regexp.Compile+0x24					../../../src/libgo/go/regexp/regexp.go:132
#	0x7fc8948635f3	regexp.MustCompile+0x33					../../../src/libgo/go/regexp/regexp.go:235
#	0x7fc894715b3c	internal_pprof_profile..import+0x3bc			../../../src/libgo/go/internal/pprof/profile/legacy_profile.go:23
#	0x5628344de2ba	__go_init_main+0x8a					target/outer/expertpar/main.go:14
#	0x7fc8944c0b59	runtime_main+0xb9					../../../src/libgo/runtime/proc.c:584


# runtime.MemStats
# Alloc = 245216
# TotalAlloc = 354216
# Sys = 3938552
# Lookups = 5
# Mallocs = 3237
# Frees = 1846
# HeapAlloc = 245216
# HeapSys = 1048576
# HeapIdle = 409600
# HeapInuse = 638976
# HeapReleased = 0
# HeapObjects = 1391
# Stack = 0 / 0
# MSpan = 8192 / 16384
# MCache = 2200 / 16384
# BuckHashSys = 1441384
# GCSys = 1114112
# OtherSys = 301712
# NextGC = 404640
# PauseNs = [623839 574595 0 0 0 0 0 0 0 0 0 0 0 0 0 0 0 0 0 0 0 0 0 0 0 0 0 0 0 0 0 0 0 0 0 0 0 0 0 0 0 0 0 0 0 0 0 0 0 0 0 0 0 0 0 0 0 0 0 0 0 0 0 0 0 0 0 0 0 0 0 0 0 0 0 0 0 0 0 0 0 0 0 0 0 0 0 0 0 0 0 0 0 0 0 0 0 0 0 0 0 0 0 0 0 0 0 0 0 0 0 0 0 0 0 0 0 0 0 0 0 0 0 0 0 0 0 0 0 0 0 0 0 0 0 0 0 0 0 0 0 0 0 0 0 0 0 0 0 0 0 0 0 0 0 0 0 0 0 0 0 0 0 0 0 0 0 0 0 0 0 0 0 0 0 0 0 0 0 0 0 0 0 0 0 0 0 0 0 0 0 0 0 0 0 0 0 0 0 0 0 0 0 0 0 0 0 0 0 0 0 0 0 0 0 0 0 0 0 0 0 0 0 0 0 0 0 0 0 0 0 0 0 0 0 0 0 0 0 0 0 0 0 0 0 0 0 0 0 0 0 0 0 0 0 0]
# NumGC = 2
# DebugGC = false
