heap profile: 1: 2304 [1: 2304] @ heap/1048576
1: 2304 [1: 2304] @ 0x7fc8019830b0 0x7fc8015b058c 0x7fc80198ee6e 0x7fc80198ee6e 0x7fc8015afbcb 0x5566b0e68e20 0x7fc8003fc1c1 0x5566b0e68e7a
#	0x7fc8019830af	runtime.allocg+0x1f		../../../src/libgo/go/runtime/stubs.go:514
#	0x7fc8015b058b	runtime.malg+0x4b		../../../src/libgo/runtime/proc.c:1349
#	0x7fc80198ee6d	runtime.mpreinit+0x9d		../../../src/libgo/go/runtime/os_gccgo.go:17
#	0x7fc80198ee6d	runtime.mcommoninit+0x9d	../../../src/libgo/go/runtime/proc.go:241
#	0x7fc8015afbca	runtime_schedinit+0x9a		../../../src/libgo/runtime/proc.c:490
#	0x0
#	0x0
#	0x0


# runtime.MemStats
# Alloc = 239528
# TotalAlloc = 327008
# Sys = 3938552
# Lookups = 5
# Mallocs = 2331
# Frees = 1168
# HeapAlloc = 239528
# HeapSys = 1048576
# HeapIdle = 434176
# HeapInuse = 614400
# HeapReleased = 0
# HeapObjects = 1163
# Stack = 0 / 0
# MSpan = 7808 / 16384
# MCache = 2200 / 16384
# BuckHashSys = 1440568
# GCSys = 1114112
# OtherSys = 302528
# NextGC = 402336
# PauseNs = [613288 540978 0 0 0 0 0 0 0 0 0 0 0 0 0 0 0 0 0 0 0 0 0 0 0 0 0 0 0 0 0 0 0 0 0 0 0 0 0 0 0 0 0 0 0 0 0 0 0 0 0 0 0 0 0 0 0 0 0 0 0 0 0 0 0 0 0 0 0 0 0 0 0 0 0 0 0 0 0 0 0 0 0 0 0 0 0 0 0 0 0 0 0 0 0 0 0 0 0 0 0 0 0 0 0 0 0 0 0 0 0 0 0 0 0 0 0 0 0 0 0 0 0 0 0 0 0 0 0 0 0 0 0 0 0 0 0 0 0 0 0 0 0 0 0 0 0 0 0 0 0 0 0 0 0 0 0 0 0 0 0 0 0 0 0 0 0 0 0 0 0 0 0 0 0 0 0 0 0 0 0 0 0 0 0 0 0 0 0 0 0 0 0 0 0 0 0 0 0 0 0 0 0 0 0 0 0 0 0 0 0 0 0 0 0 0 0 0 0 0 0 0 0 0 0 0 0 0 0 0 0 0 0 0 0 0 0 0 0 0 0 0 0 0 0 0 0 0 0 0 0 0 0 0 0 0]
# NumGC = 2
# DebugGC = false
