heap profile: 1: 2304 [1: 2304] @ heap/1048576
1: 2304 [1: 2304] @ 0x7f0424fe30b0 0x7f0424c1058c 0x7f0424feee6e 0x7f0424feee6e 0x7f0424c0fbcb 0x55c214595500 0x7f0423a5c1c1 0x55c21459555a
#	0x7f0424fe30af	runtime.allocg+0x1f		../../../src/libgo/go/runtime/stubs.go:514
#	0x7f0424c1058b	runtime.malg+0x4b		../../../src/libgo/runtime/proc.c:1349
#	0x7f0424feee6d	runtime.mpreinit+0x9d		../../../src/libgo/go/runtime/os_gccgo.go:17
#	0x7f0424feee6d	runtime.mcommoninit+0x9d	../../../src/libgo/go/runtime/proc.go:241
#	0x7f0424c0fbca	runtime_schedinit+0x9a		../../../src/libgo/runtime/proc.c:490
#	0x0
#	0x0
#	0x0


# runtime.MemStats
# Alloc = 227728
# TotalAlloc = 315824
# Sys = 3938552
# Lookups = 5
# Mallocs = 2345
# Frees = 1194
# HeapAlloc = 227728
# HeapSys = 1048576
# HeapIdle = 450560
# HeapInuse = 598016
# HeapReleased = 0
# HeapObjects = 1151
# Stack = 0 / 0
# MSpan = 7680 / 16384
# MCache = 2200 / 16384
# BuckHashSys = 1440568
# GCSys = 1114112
# OtherSys = 302528
# NextGC = 386928
# PauseNs = [1384418 1357515 0 0 0 0 0 0 0 0 0 0 0 0 0 0 0 0 0 0 0 0 0 0 0 0 0 0 0 0 0 0 0 0 0 0 0 0 0 0 0 0 0 0 0 0 0 0 0 0 0 0 0 0 0 0 0 0 0 0 0 0 0 0 0 0 0 0 0 0 0 0 0 0 0 0 0 0 0 0 0 0 0 0 0 0 0 0 0 0 0 0 0 0 0 0 0 0 0 0 0 0 0 0 0 0 0 0 0 0 0 0 0 0 0 0 0 0 0 0 0 0 0 0 0 0 0 0 0 0 0 0 0 0 0 0 0 0 0 0 0 0 0 0 0 0 0 0 0 0 0 0 0 0 0 0 0 0 0 0 0 0 0 0 0 0 0 0 0 0 0 0 0 0 0 0 0 0 0 0 0 0 0 0 0 0 0 0 0 0 0 0 0 0 0 0 0 0 0 0 0 0 0 0 0 0 0 0 0 0 0 0 0 0 0 0 0 0 0 0 0 0 0 0 0 0 0 0 0 0 0 0 0 0 0 0 0 0 0 0 0 0 0 0 0 0 0 0 0 0 0 0 0 0 0 0]
# NumGC = 2
# DebugGC = false
